2024-08-04 21:55:49 0 [Note] Starting MariaDB 10.4.32-MariaDB source revision c4143f909528e3fab0677a28631d10389354c491 as process 4136
2024-08-04 21:55:49 0 [Note] InnoDB: Mutexes and rw_locks use Windows interlocked functions
2024-08-04 21:55:49 0 [Note] InnoDB: Uses event mutexes
2024-08-04 21:55:49 0 [Note] InnoDB: Compressed tables use zlib 1.3
2024-08-04 21:55:49 0 [Note] InnoDB: Number of pools: 1
2024-08-04 21:55:49 0 [Note] InnoDB: Using SSE2 crc32 instructions
2024-08-04 21:55:49 0 [Note] InnoDB: Initializing buffer pool, total size = 16M, instances = 1, chunk size = 16M
2024-08-04 21:55:49 0 [Note] InnoDB: Completed initialization of buffer pool
2024-08-04 21:55:49 0 [Note] InnoDB: Starting crash recovery from checkpoint LSN=300288
2024-08-04 21:55:49 0 [Note] InnoDB: 128 out of 128 rollback segments are active.
2024-08-04 21:55:49 0 [Note] InnoDB: Removed temporary tablespace data file: "ibtmp1"
2024-08-04 21:55:49 0 [Note] InnoDB: Creating shared tablespace for temporary tables
2024-08-04 21:55:49 0 [Note] InnoDB: Setting file 'C:\xampp\mysql\data\ibtmp1' size to 12 MB. Physically writing the file full; Please wait ...
2024-08-04 21:55:49 0 [Note] InnoDB: File 'C:\xampp\mysql\data\ibtmp1' size is now 12 MB.
2024-08-04 21:55:49 0 [Note] InnoDB: Waiting for purge to start
2024-08-04 21:55:50 0 [Note] InnoDB: 10.4.32 started; log sequence number 300297; transaction id 170
2024-08-04 21:55:50 0 [Note] InnoDB: Loading buffer pool(s) from C:\xampp\mysql\data\ib_buffer_pool
2024-08-04 21:55:50 0 [Note] Plugin 'FEEDBACK' is disabled.
2024-08-04 21:55:50 0 [Note] Server socket created on IP: '::'.
2024-08-06 14:20:03 0 [Note] Starting MariaDB 10.4.32-MariaDB source revision c4143f909528e3fab0677a28631d10389354c491 as process 9748
2024-08-06 14:20:03 0 [Note] InnoDB: Mutexes and rw_locks use Windows interlocked functions
2024-08-06 14:20:03 0 [Note] InnoDB: Uses event mutexes
2024-08-06 14:20:03 0 [Note] InnoDB: Compressed tables use zlib 1.3
2024-08-06 14:20:03 0 [Note] InnoDB: Number of pools: 1
2024-08-06 14:20:03 0 [Note] InnoDB: Using SSE2 crc32 instructions
2024-08-06 14:20:03 0 [Note] InnoDB: Initializing buffer pool, total size = 16M, instances = 1, chunk size = 16M
2024-08-06 14:20:03 0 [Note] InnoDB: Completed initialization of buffer pool
2024-08-06 14:20:03 0 [Note] InnoDB: Starting crash recovery from checkpoint LSN=335566
2024-08-06 14:20:03 0 [Note] InnoDB: 128 out of 128 rollback segments are active.
2024-08-06 14:20:03 0 [Note] InnoDB: Removed temporary tablespace data file: "ibtmp1"
2024-08-06 14:20:03 0 [Note] InnoDB: Creating shared tablespace for temporary tables
2024-08-06 14:20:03 0 [Note] InnoDB: Setting file 'C:\xampp\mysql\data\ibtmp1' size to 12 MB. Physically writing the file full; Please wait ...
2024-08-06 14:20:03 0 [Note] InnoDB: File 'C:\xampp\mysql\data\ibtmp1' size is now 12 MB.
2024-08-06 14:20:03 0 [Note] InnoDB: Waiting for purge to start
2024-08-06 14:20:04 0 [Note] InnoDB: 10.4.32 started; log sequence number 335575; transaction id 261
2024-08-06 14:20:04 0 [Note] InnoDB: Loading buffer pool(s) from C:\xampp\mysql\data\ib_buffer_pool
2024-08-06 14:20:04 0 [Note] Plugin 'FEEDBACK' is disabled.
2024-08-06 14:20:04 0 [Note] InnoDB: Buffer pool(s) load completed at 240806 14:20:04
2024-08-06 14:20:04 0 [Note] Server socket created on IP: '::'.
2024-08-06 14:21:07 0 [Note] Starting MariaDB 10.4.32-MariaDB source revision c4143f909528e3fab0677a28631d10389354c491 as process 20356
2024-08-06 14:21:07 0 [Note] InnoDB: Mutexes and rw_locks use Windows interlocked functions
2024-08-06 14:21:07 0 [Note] InnoDB: Uses event mutexes
2024-08-06 14:21:07 0 [Note] InnoDB: Compressed tables use zlib 1.3
2024-08-06 14:21:07 0 [Note] InnoDB: Number of pools: 1
2024-08-06 14:21:07 0 [Note] InnoDB: Using SSE2 crc32 instructions
2024-08-06 14:21:07 0 [Note] InnoDB: Initializing buffer pool, total size = 16M, instances = 1, chunk size = 16M
2024-08-06 14:21:07 0 [Note] InnoDB: Completed initialization of buffer pool
2024-08-06 14:21:07 0 [Note] InnoDB: Starting crash recovery from checkpoint LSN=335584
2024-08-06 14:21:08 0 [Note] InnoDB: 128 out of 128 rollback segments are active.
2024-08-06 14:21:08 0 [Note] InnoDB: Removed temporary tablespace data file: "ibtmp1"
2024-08-06 14:21:08 0 [Note] InnoDB: Creating shared tablespace for temporary tables
2024-08-06 14:21:08 0 [Note] InnoDB: Setting file 'C:\xampp\mysql\data\ibtmp1' size to 12 MB. Physically writing the file full; Please wait ...
2024-08-06 14:21:08 0 [Note] InnoDB: File 'C:\xampp\mysql\data\ibtmp1' size is now 12 MB.
2024-08-06 14:21:08 0 [Note] InnoDB: Waiting for purge to start
2024-08-06 14:21:08 0 [Note] InnoDB: 10.4.32 started; log sequence number 335593; transaction id 261
2024-08-06 14:21:08 0 [Note] InnoDB: Loading buffer pool(s) from C:\xampp\mysql\data\ib_buffer_pool
2024-08-06 14:21:08 0 [Note] Plugin 'FEEDBACK' is disabled.
2024-08-06 14:21:08 0 [Note] Server socket created on IP: '::'.
2024-08-06 14:21:08 0 [Note] InnoDB: Buffer2024-08-08 15:03:38 0 [Note] Starting MariaDB 10.4.32-MariaDB source revision c4143f909528e3fab0677a28631d10389354c491 as process 22452
2024-08-08 15:03:38 0 [Note] InnoDB: Mutexes and rw_locks use Windows interlocked functions
2024-08-08 15:03:38 0 [Note] InnoDB: Uses event mutexes
2024-08-08 15:03:38 0 [Note] InnoDB: Compressed tables use zlib 1.3
2024-08-08 15:03:38 0 [Note] InnoDB: Number of pools: 1
2024-08-08 15:03:38 0 [Note] InnoDB: Using SSE2 crc32 instructions
2024-08-08 15:03:38 0 [Note] InnoDB: Initializing buffer pool, total size = 16M, instances = 1, chunk size = 16M
2024-08-08 15:03:38 0 [Note] InnoDB: Completed initialization of buffer pool
2024-08-08 15:03:38 0 [Note] InnoDB: Starting crash recovery from checkpoint LSN=345712
2024-08-08 15:03:39 0 [Note] InnoDB: 128 out of 128 rollback segments are active.
2024-08-08 15:03:39 0 [Note] InnoDB: Removed temporary tablespace data file: "ibtmp1"
2024-08-08 15:03:39 0 [Note] InnoDB: Creating shared tablespace for temporary tables
2024-08-08 15:03:39 0 [Note] InnoDB: Setting file 'C:\xampp\mysql\data\ibtmp1' size to 12 MB. Physically writing the file full; Please wait ...
2024-08-08 15:03:39 0 [Note] InnoDB: File 'C:\xampp\mysql\data\ibtmp1' size is now 12 MB.
2024-08-08 15:03:39 0 [Note] InnoDB: Waiting for purge to start
2024-08-08 15:03:39 0 [Note] InnoDB: 10.4.32 started; log sequence number 345721; transaction id 317
2024-08-08 15:03:39 0 [Note] InnoDB: Loading buffer pool(s) from C:\xampp\mysql\data\ib_buffer_pool
2024-08-08 15:03:39 0 [Note] Plugin 'FEEDBACK' is disabled.
2024-08-08 15:03:39 0 [Note] InnoDB: Buffer pool(s) load completed at 240808 15:03:39
2024-08-08 15:03:39 0 [Note] Server socket created on IP: '::'.
2024-08-09 13:23:58 0 [Note] Starting MariaDB 10.4.32-MariaDB source revision c4143f909528e3fab0677a28631d10389354c491 as process 23452
2024-08-09 13:23:58 0 [Note] InnoDB: Mutexes and rw_locks use Windows interlocked functions
2024-08-09 13:23:58 0 [Note] InnoDB: Uses event mutexes
2024-08-09 13:23:58 0 [Note] InnoDB: Compressed tables use zlib 1.3
2024-08-09 13:23:58 0 [Note] InnoDB: Number of pools: 1
2024-08-09 13:23:58 0 [Note] InnoDB: Using SSE2 crc32 instructions
2024-08-09 13:23:58 0 [Note] InnoDB: Initializing buffer pool, total size = 16M, instances = 1, chunk size = 16M
2024-08-09 13:23:58 0 [Note] InnoDB: Completed initialization of buffer pool
2024-08-09 13:23:58 0 [Note] InnoDB: Starting crash recovery from checkpoint LSN=345730
2024-08-09 13:23:58 0 [Note] InnoDB: 128 out of 128 rollback segments are active.
2024-08-09 13:23:58 0 [Note] InnoDB: Removed temporary tablespace data file: "ibtmp1"
2024-08-09 13:23:58 0 [Note] InnoDB: Creating shared tablespace for temporary tables
2024-08-09 13:23:58 0 [Note] InnoDB: Setting file 'C:\xampp\mysql\data\ibtmp1' size to 12 MB. Physically writing the file full; Please wait ...
2024-08-09 13:23:58 0 [Note] InnoDB: File 'C:\xampp\mysql\data\ibtmp1' size is now 12 MB.
2024-08-09 13:23:58 0 [Note] InnoDB: Waiting for purge to start
2024-08-09 13:23:58 0 [Note] InnoDB: 10.4.32 started; log sequence number 345739; transaction id 317
2024-08-09 13:23:58 0 [Note] InnoDB: Loading buffer pool(s) from C:\xampp\mysql\data\ib_buffer_pool
2024-08-09 13:23:58 0 [Note] Plugin 'FEEDBACK' is disabled.
2024-08-09 13:23:58 0 [Note] InnoDB: Buffer pool(s) load completed at 240809 13:23:58
2024-08-09 13:23:58 0 [Note] Server socket created on IP: '::'.
2024-08-09 13:34:14 0 [Note] Starting MariaDB 10.4.32-MariaDB source revision c4143f909528e3fab0677a28631d10389354c491 as process 18560
2024-08-09 13:34:14 0 [Note] InnoDB: Mutexes and rw_locks use Windows interlocked functions
2024-08-09 13:34:14 0 [Note] InnoDB: Uses event mutexes
2024-08-09 13:34:14 0 [Note] InnoDB: Compressed tables use zlib 1.3
2024-08-09 13:34:14 0 [Note] InnoDB: Number of pools: 1
2024-08-09 13:34:14 0 [Note] InnoDB: Using SSE2 crc32 instructions
2024-08-09 13:34:14 0 [Note] InnoDB: Initializing buffer pool, total size = 16M, instances = 1, chunk size = 16M
2024-08-09 13:34:14 0 [Note] InnoDB: Completed initialization of buffer pool
2024-08-09 13:34:14 0 [Note] InnoDB: Starting crash recovery from checkpoint LSN=345748
2024-08-09 13:34:14 0 [Note] InnoDB: 128 out of 128 rollback segments are active.
2024-08-09 13:34:14 0 [Note] InnoDB: Removed temporary tablespace data file: "ibtmp1"
2024-08-09 13:34:14 0 [Note] InnoDB: Creating shared tablespace for temporary tables
2024-08-09 13:34:14 0 [Note] InnoDB: Setting file 'C:\xampp\mysql\data\ibtmp1' size to 12 MB. Physically writing the file full; Please wait ...
2024-08-09 13:34:14 0 [Note] InnoDB: File 'C:\xampp\mysql\data\ibtmp1' size is now 12 MB.
2024-08-09 13:34:14 0 [Note] InnoDB: Waiting for purge to start
2024-08-09 13:34:14 0 [Note] InnoDB: 10.4.32 started; log sequence number 345757; transaction id 317
2024-08-09 13:34:14 0 [Note] InnoDB: Loading buffer pool(s) from C:\xampp\mysql\data\ib_buffer_pool
2024-08-09 13:34:14 0 [Note] Plugin 'FEEDBACK' is disabled.
2024-08-09 13:34:14 0 [Note] Server socket created on IP: '::'.
2024-08-14 14:53:14 0 [Note] Starting MariaDB 10.4.32-MariaDB source revision c4143f909528e3fab0677a28631d10389354c491 as process 13532
2024-08-14 14:53:14 0 [Note] InnoDB: Mutexes and rw_locks use Windows interlocked functions
2024-08-14 14:53:14 0 [Note] InnoDB: Uses event mutexes
2024-08-14 14:53:14 0 [Note] InnoDB: Compressed tables use zlib 1.3
2024-08-14 14:53:14 0 [Note] InnoDB: Number of pools: 1
2024-08-14 14:53:14 0 [Note] InnoDB: Using SSE2 crc32 instructions
2024-08-14 14:53:14 0 [Note] InnoDB: Initializing buffer pool, total size = 16M, instances = 1, chunk size = 16M
2024-08-14 14:53:14 0 [Note] InnoDB: Completed initialization of buffer pool
2024-08-14 14:53:14 0 [Note] InnoDB: Starting crash recovery from checkpoint LSN=346678
2024-08-14 14:53:14 0 [Note] InnoDB: 128 out of 128 rollback segments are active.
2024-08-14 14:53:14 0 [Note] InnoDB: Removed temporary tablespace data file: "ibtmp1"
2024-08-14 14:53:14 0 [Note] InnoDB: Creating shared tablespace for temporary tables
2024-08-14 14:53:14 0 [Note] InnoDB: Setting file 'C:\xampp\mysql\data\ibtmp1' size to 12 MB. Physically writing the file full; Please wait ...
2024-08-14 14:53:14 0 [Note] InnoDB: File 'C:\xampp\mysql\data\ibtmp1' size is now 12 MB.
2024-08-14 14:53:14 0 [Note] InnoDB: Waiting for purge to start
2024-08-14 14:53:14 0 [Note] InnoDB: 10.4.32 started; log sequence number 346687; transaction id 345
2024-08-14 14:53:14 0 [Note] InnoDB: Loading buffer pool(s) from C:\xampp\mysql\data\ib_buffer_pool
2024-08-14 14:53:14 0 [Note] Plugin 'FEEDBACK' is disabled.
2024-08-14 14:53:14 0 [Note] InnoDB: Buffer pool(s) load completed at 240814 14:53:14
2024-08-14 14:53:14 0 [Note] Server socket created on IP: '::'.
2024-08-14 14:53:16 0 [Note] Starting MariaDB 10.4.32-MariaDB source revision c4143f909528e3fab0677a28631d10389354c491 as process 9800
2024-08-14 14:53:16 0 [Note] InnoDB: Mutexes and rw_locks use Windows interlocked functions
2024-08-14 14:53:16 0 [Note] InnoDB: Uses event mutexes
2024-08-14 14:53:16 0 [Note] InnoDB: Compressed tables use zlib 1.3
2024-08-14 14:53:16 0 [Note] InnoDB: Number of pools: 1
2024-08-14 14:53:16 0 [Note] InnoDB: Using SSE2 crc32 instructions
2024-08-14 14:53:16 0 [Note] InnoDB: Initializing buffer pool, total size = 16M, instances = 1, chunk size = 16M
2024-08-14 14:53:16 0 [Note] InnoDB: Completed initialization of buffer pool
2024-08-14 14:53:16 0 [Note] InnoDB: Starting crash recovery from checkpoint LSN=346678
2024-08-14 14:53:17 0 [Note] InnoDB: 128 out of 128 rollback segments are active.
2024-08-14 14:53:17 0 [Note] InnoDB: Removed temporary tablespace data file: "ibtmp1"
2024-08-14 14:53:17 0 [Note] InnoDB: Creating shared tablespace for temporary tables
2024-08-14 14:53:17 0 [Note] InnoDB: Setting file 'C:\xampp\mysql\data\ibtmp1' size to 12 MB. Physically writing the file full; Please wait ...
2024-08-14 14:53:17 0 [Note] InnoDB: File 'C:\xampp\mysql\data\ibtmp1' size is now 12 MB.
2024-08-14 14:53:17 0 [Note] InnoDB: Waiting for purge to start
2024-08-14 14:53:17 0 [Note] InnoDB: 10.4.32 started; log sequence number 346687; transaction id 345
2024-08-14 14:53:17 0 [Note] InnoDB: Loading buffer pool(s) from C:\xampp\mysql\data\ib_buffer_pool
2024-08-14 14:53:17 0 [Note] Plugin 'FEEDBACK' is disabled.
2024-08-14 14:53:17 0 [Note] Server socket created on IP: '::'.
2024-08-16 10:42:14 0 [Note] Starting MariaDB 10.4.32-MariaDB source revision c4143f909528e3fab0677a28631d10389354c491 as process 14792
2024-08-16 10:42:14 0 [Note] InnoDB: Mutexes and rw_locks use Windows interlocked functions
2024-08-16 10:42:14 0 [Note] InnoDB: Uses event mutexes
2024-08-16 10:42:14 0 [Note] InnoDB: Compressed tables use zlib 1.3
2024-08-16 10:42:14 0 [Note] InnoDB: Number of pools: 1
2024-08-16 10:42:14 0 [Note] InnoDB: Using SSE2 crc32 instructions
2024-08-16 10:42:14 0 [Note] InnoDB: Initializing buffer pool, total size = 16M, instances = 1, chunk size = 16M
2024-08-16 10:42:14 0 [Note] InnoDB: Completed initialization of buffer pool
2024-08-16 10:42:14 0 [Note] InnoDB: Starting crash recovery from checkpoint LSN=430476
2024-08-16 10:42:15 0 [Note] InnoDB: 128 out of 128 rollback segments are active.
2024-08-16 10:42:15 0 [Note] InnoDB: Removed temporary tablespace data file: "ibtmp1"
2024-08-16 10:42:15 0 [Note] InnoDB: Creating shared tablespace for temporary tables
2024-08-16 10:42:15 0 [Note] InnoDB: Setting file 'C:\xampp\mysql\data\ibtmp1' size to 12 MB. Physically writing the file full; Please wait ...
2024-08-16 10:42:15 0 [Note] InnoDB: File 'C:\xampp\mysql\data\ibtmp1' size is now 12 MB.
2024-08-16 10:42:15 0 [Note] InnoDB: Waiting for purge to start
2024-08-16 10:42:15 0 [Note] InnoDB: 10.4.32 started; log sequence number 430485; transaction id 492
2024-08-16 10:42:15 0 [Note] InnoDB: Loading buffer pool(s) from C:\xampp\mysql\data\ib_buffer_pool
2024-08-16 10:42:15 0 [Note] Plugin 'FEEDBACK' is disabled.
2024-08-16 10:42:15 0 [Note] InnoDB: Buffer pool(s) load completed at 240816 10:42:15
2024-08-16 10:42:15 0 [Note] Server socket created on IP: '::'.
2024-08-16 20:03:00 0 [Note] Starting MariaDB 10.4.32-MariaDB source revision c4143f909528e3fab0677a28631d10389354c491 as process 14948
2024-08-16 20:03:00 0 [Note] InnoDB: Mutexes and rw_locks use Windows interlocked functions
2024-08-16 20:03:00 0 [Note] InnoDB: Uses event mutexes
2024-08-16 20:03:00 0 [Note] InnoDB: Compressed tables use zlib 1.3
2024-08-16 20:03:00 0 [Note] InnoDB: Number of pools: 1
2024-08-16 20:03:00 0 [Note] InnoDB: Using SSE2 crc32 instructions
2024-08-16 20:03:00 0 [Note] InnoDB: Initializing buffer pool, total size = 16M, instances = 1, chunk size = 16M
2024-08-16 20:03:00 0 [Note] InnoDB: Completed initialization of buffer pool
2024-08-16 20:03:00 0 [Note] InnoDB: Starting crash recovery from checkpoint LSN=568818
2024-08-16 20:03:01 0 [Note] InnoDB: 128 out of 128 rollback segments are active.
2024-08-16 20:03:01 0 [Note] InnoDB: Removed temporary tablespace data file: "ibtmp1"
2024-08-16 20:03:01 0 [Note] InnoDB: Creating shared tablespace for temporary tables
2024-08-16 20:03:01 0 [Note] InnoDB: Setting file 'C:\xampp\mysql\data\ibtmp1' size to 12 MB. Physically writing the file full; Please wait ...
2024-08-16 20:03:01 0 [Note] InnoDB: File 'C:\xampp\mysql\data\ibtmp1' size is now 12 MB.
2024-08-16 20:03:01 0 [Note] InnoDB: Waiting for purge to start
2024-08-16 20:03:01 0 [Note] InnoDB: 10.4.32 started; log sequence number 568827; transaction id 752
2024-08-16 20:03:01 0 [Note] InnoDB: Loading buffer pool(s) from C:\xampp\mysql\data\ib_buffer_pool
2024-08-16 20:03:01 0 [Note] Plugin 'FEEDBACK' is disabled.
2024-08-16 20:03:01 0 [Note] InnoDB: Buffer pool(s) load completed at 240816 20:03:01
2024-08-16 20:03:01 0 [Note] Server socket created on IP: '::'.
2024-08-17  8:42:21 0 [Note] Starting MariaDB 10.4.32-MariaDB source revision c4143f909528e3fab0677a28631d10389354c491 as process 11964
2024-08-17  8:42:21 0 [Note] InnoDB: Mutexes and rw_locks use Windows interlocked functions
2024-08-17  8:42:21 0 [Note] InnoDB: Uses event mutexes
2024-08-17  8:42:21 0 [Note] InnoDB: Compressed tables use zlib 1.3
2024-08-17  8:42:21 0 [Note] InnoDB: Number of pools: 1
2024-08-17  8:42:21 0 [Note] InnoDB: Using SSE2 crc32 instructions
2024-08-17  8:42:21 0 [Note] InnoDB: Initializing buffer pool, total size = 16M, instances = 1, chunk size = 16M
2024-08-17  8:42:21 0 [Note] InnoDB: Completed initialization of buffer pool
2024-08-17  8:42:21 0 [Note] InnoDB: Starting crash recovery from checkpoint LSN=585169
2024-08-17  8:42:21 0 [Note] InnoDB: 128 out of 128 rollback segments are active.
2024-08-17  8:42:21 0 [Note] InnoDB: Removed temporary tablespace data file: "ibtmp1"
2024-08-17  8:42:21 0 [Note] InnoDB: Creating shared tablespace for temporary tables
2024-08-17  8:42:21 0 [Note] InnoDB: Setting file 'C:\xampp\mysql\data\ibtmp1' size to 12 MB. Physically writing the file full; Please wait ...
2024-08-17  8:42:21 0 [Note] InnoDB: File 'C:\xampp\mysql\data\ibtmp1' size is now 12 MB.
2024-08-17  8:42:21 0 [Note] InnoDB: Waiting for purge to start
2024-08-17  8:42:21 0 [Note] InnoDB: 10.4.32 started; log sequence number 585178; transaction id 806
2024-08-17  8:42:21 0 [Note] InnoDB: Loading buffer pool(s) from C:\xampp\mysql\data\ib_buffer_pool
2024-08-17  8:42:21 0 [Note] Plugin 'FEEDBACK' is disabled.
2024-08-17  8:42:21 0 [Note] InnoDB: Buffer pool(s) load completed at 240817  8:42:21
2024-08-17  8:42:21 0 [Note] Server socket created on IP: '::'.
2024-08-17 14:34:05 0 [Note] Starting MariaDB 10.4.32-MariaDB source revision c4143f909528e3fab0677a28631d10389354c491 as process 17832
2024-08-17 14:34:05 0 [Note] InnoDB: Mutexes and rw_locks use Windows interlocked functions
2024-08-17 14:34:05 0 [Note] InnoDB: Uses event mutexes
2024-08-17 14:34:05 0 [Note] InnoDB: Compressed tables use zlib 1.3
2024-08-17 14:34:05 0 [Note] InnoDB: Number of pools: 1
2024-08-17 14:34:05 0 [Note] InnoDB: Using SSE2 crc32 instructions
2024-08-17 14:34:05 0 [Note] InnoDB: Initializing buffer pool, total size = 16M, instances = 1, chunk size = 16M
2024-08-17 14:34:05 0 [Note] InnoDB: Completed initialization of buffer pool
2024-08-17 14:34:05 0 [Note] InnoDB: Starting crash recovery from checkpoint LSN=891106
2024-08-17 14:34:05 0 [Note] InnoDB: 128 out of 128 rollback segments are active.
2024-08-17 14:34:05 0 [Note] InnoDB: Removed temporary tablespace data file: "ibtmp1"
2024-08-17 14:34:05 0 [Note] InnoDB: Creating shared tablespace for temporary tables
2024-08-17 14:34:05 0 [Note] InnoDB: Setting file 'C:\xampp\mysql\data\ibtmp1' size to 12 MB. Physically writing the file full; Please wait ...
2024-08-17 14:34:05 0 [Note] InnoDB: File 'C:\xampp\mysql\data\ibtmp1' size is now 12 MB.
2024-08-17 14:34:05 0 [Note] InnoDB: Waiting for purge to start
2024-08-17 14:34:05 0 [Note] InnoDB: 10.4.32 started; log sequence number 891115; transaction id 1147
2024-08-17 14:34:05 0 [Note] InnoDB: Loading buffer pool(s) from C:\xampp\mysql\data\ib_buffer_pool
2024-08-17 14:34:05 0 [Note] Plugin 'FEEDBACK' is disabled.
2024-08-17 14:34:05 0 [Note] InnoDB: Buffer pool(s) load completed at 240817 14:34:05
2024-08-17 14:34:05 0 [Note] Server socket created on IP: '::'.
2024-08-18 19:38:35 0 [Note] Starting MariaDB 10.4.32-MariaDB source revision c4143f909528e3fab0677a28631d10389354c491 as process 19516
2024-08-18 19:38:35 0 [Note] InnoDB: Mutexes and rw_locks use Windows interlocked functions
2024-08-18 19:38:35 0 [Note] InnoDB: Uses event mutexes
2024-08-18 19:38:35 0 [Note] InnoDB: Compressed tables use zlib 1.3
2024-08-18 19:38:35 0 [Note] InnoDB: Number of pools: 1
2024-08-18 19:38:35 0 [Note] InnoDB: Using SSE2 crc32 instructions
2024-08-18 19:38:35 0 [Note] InnoDB: Initializing buffer pool, total size = 16M, instances = 1, chunk size = 16M
2024-08-18 19:38:35 0 [Note] InnoDB: Completed initialization of buffer pool
2024-08-18 19:38:36 0 [Note] InnoDB: Starting crash recovery from checkpoint LSN=943480
2024-08-18 19:38:36 0 [Note] InnoDB: 128 out of 128 rollback segments are active.
2024-08-18 19:38:36 0 [Note] InnoDB: Removed temporary tablespace data file: "ibtmp1"
2024-08-18 19:38:36 0 [Note] InnoDB: Creating shared tablespace for temporary tables
2024-08-18 19:38:36 0 [Note] InnoDB: Setting file 'C:\xampp\mysql\data\ibtmp1' size to 12 MB. Physically writing the file full; Please wait ...
2024-08-18 19:38:36 0 [Note] InnoDB: File 'C:\xampp\mysql\data\ibtmp1' size is now 12 MB.
2024-08-18 19:38:36 0 [Note] InnoDB: Waiting for purge to start
2024-08-18 19:38:36 0 [Note] InnoDB: 10.4.32 started; log sequence number 943489; transaction id 1310
2024-08-18 19:38:36 0 [Note] InnoDB: Loading buffer pool(s) from C:\xampp\mysql\data\ib_buffer_pool
2024-08-18 19:38:36 0 [Note] Plugin 'FEEDBACK' is disabled.
2024-08-18 19:38:36 0 [Note] InnoDB: Buffer pool(s) load completed at 240818 19:38:36
2024-08-18 19:38:36 0 [Note] Server socket created on IP: '::'.
2024-08-20 16:04:04 0 [Note] Starting MariaDB 10.4.32-MariaDB source revision c4143f909528e3fab0677a28631d10389354c491 as process 12204
2024-08-20 16:04:04 0 [Note] InnoDB: Mutexes and rw_locks use Windows interlocked functions
2024-08-20 16:04:04 0 [Note] InnoDB: Uses event mutexes
2024-08-20 16:04:04 0 [Note] InnoDB: Compressed tables use zlib 1.3
2024-08-20 16:04:04 0 [Note] InnoDB: Number of pools: 1
2024-08-20 16:04:04 0 [Note] InnoDB: Using SSE2 crc32 instructions
2024-08-20 16:04:04 0 [Note] InnoDB: Initializing buffer pool, total size = 16M, instances = 1, chunk size = 16M
2024-08-20 16:04:04 0 [Note] InnoDB: Completed initialization of buffer pool
2024-08-20 16:04:04 0 [Note] InnoDB: Starting crash recovery from checkpoint LSN=1390935
2024-08-20 16:04:04 0 [Note] InnoDB: 128 out of 128 rollback segments are active.
2024-08-20 16:04:04 0 [Note] InnoDB: Removed temporary tablespace data file: "ibtmp1"
2024-08-20 16:04:04 0 [Note] InnoDB: Creating shared tablespace for temporary tables
2024-08-20 16:04:04 0 [Note] InnoDB: Setting file 'C:\xampp\mysql\data\ibtmp1' size to 12 MB. Physically writing the file full; Please wait ...
2024-08-20 16:04:04 0 [Note] InnoDB: File 'C:\xampp\mysql\data\ibtmp1' size is now 12 MB.
2024-08-20 16:04:04 0 [Note] InnoDB: Waiting for purge to start
2024-08-20 16:04:04 0 [Note] InnoDB: 10.4.32 started; log sequence number 1390944; transaction id 1709
2024-08-20 16:04:04 0 [Note] InnoDB: Loading buffer pool(s) from C:\xampp\mysql\data\ib_buffer_pool
2024-08-20 16:04:04 0 [Note] Plugin 'FEEDBACK' is disabled.
2024-08-20 16:04:04 0 [Note] Server socket created on IP: '::'.
2024-08-20 17:48:23 0 [Note] Starting MariaDB 10.4.32-MariaDB source revision c4143f909528e3fab0677a28631d10389354c491 as process 13580
2024-08-20 17:48:23 0 [Note] InnoDB: Mutexes and rw_locks use Windows interlocked functions
2024-08-20 17:48:23 0 [Note] InnoDB: Uses event mutexes
2024-08-20 17:48:23 0 [Note] InnoDB: Compressed tables use zlib 1.3
2024-08-20 17:48:23 0 [Note] InnoDB: Number of pools: 1
2024-08-20 17:48:23 0 [Note] InnoDB: Using SSE2 crc32 instructions
2024-08-20 17:48:23 0 [Note] InnoDB: Initializing buffer pool, total size = 16M, instances = 1, chunk size = 16M
2024-08-20 17:48:23 0 [Note] InnoDB: Completed initialization of buffer pool
2024-08-20 17:48:24 0 [Note] InnoDB: Starting crash recovery from checkpoint LSN=1533346
2024-08-20 17:48:24 0 [Note] InnoDB: 128 out of 128 rollback segments are active.
2024-08-20 17:48:24 0 [Note] InnoDB: Removed temporary tablespace data file: "ibtmp1"
2024-08-20 17:48:24 0 [Note] InnoDB: Creating shared tablespace for temporary tables
2024-08-20 17:48:24 0 [Note] InnoDB: Setting file 'C:\xampp\mysql\data\ibtmp1' size to 12 MB. Physically writing the file full; Please wait ...
2024-08-20 17:48:24 0 [Note] InnoDB: File 'C:\xampp\mysql\data\ibtmp1' size is now 12 MB.
2024-08-20 17:48:24 0 [Note] InnoDB: Waiting for purge to start
2024-08-20 17:48:24 0 [Note] InnoDB: 10.4.32 started; log sequence number 1533355; transaction id 1814
2024-08-20 17:48:24 0 [Note] InnoDB: Loading buffer pool(s) from C:\xampp\mysql\data\ib_buffer_pool
2024-08-20 17:48:24 0 [Note] Plugin 'FEEDBACK' is disabled.
2024-08-20 17:48:24 0 [Note] InnoDB: Buffer pool(s) load completed at 240820 17:48:24
2024-08-20 17:48:24 0 [Note] Server socket created on IP: '::'.
2024-08-21 13:13:11 0 [Note] Starting MariaDB 10.4.32-MariaDB source revision c4143f909528e3fab0677a28631d10389354c491 as process 2288
2024-08-21 13:13:11 0 [Note] InnoDB: Mutexes and rw_locks use Windows interlocked functions
2024-08-21 13:13:11 0 [Note] InnoDB: Uses event mutexes
2024-08-21 13:13:11 0 [Note] InnoDB: Compressed tables use zlib 1.3
2024-08-21 13:13:11 0 [Note] InnoDB: Number of pools: 1
2024-08-21 13:13:11 0 [Note] InnoDB: Using SSE2 crc32 instructions
2024-08-21 13:13:11 0 [Note] InnoDB: Initializing buffer pool, total size = 16M, instances = 1, chunk size = 16M
2024-08-21 13:13:11 0 [Note] InnoDB: Completed initialization of buffer pool
2024-08-21 13:13:11 0 [Note] InnoDB: Starting crash recovery from checkpoint LSN=1795509
2024-08-21 13:13:11 0 [Note] InnoDB: 128 out of 128 rollback segments are active.
2024-08-21 13:13:11 0 [Note] InnoDB: Removed temporary tablespace data file: "ibtmp1"
2024-08-21 13:13:11 0 [Note] InnoDB: Creating shared tablespace for temporary tables
2024-08-21 13:13:11 0 [Note] InnoDB: Setting file 'C:\xampp\mysql\data\ibtmp1' size to 12 MB. Physically writing the file full; Please wait ...
2024-08-21 13:13:11 0 [Note] InnoDB: File 'C:\xampp\mysql\data\ibtmp1' size is now 12 MB.
2024-08-21 13:13:11 0 [Note] InnoDB: Waiting for purge to start
2024-08-21 13:13:11 0 [Note] InnoDB: 10.4.32 started; log sequence number 1795518; transaction id 1969
2024-08-21 13:13:11 0 [Note] InnoDB: Loading buffer pool(s) from C:\xampp\mysql\data\ib_buffer_pool
2024-08-21 13:13:11 0 [Note] Plugin 'FEEDBACK' is disabled.
2024-08-21 13:13:11 0 [Note] InnoDB: Buffer pool(s) load completed at 240821 13:13:11
2024-08-21 13:13:11 0 [Note] Server socket created on IP: '::'.
2024-08-22 10:32:48 0 [Note] Starting MariaDB 10.4.32-MariaDB source revision c4143f909528e3fab0677a28631d10389354c491 as process 12504
2024-08-22 10:32:48 0 [Note] InnoDB: Mutexes and rw_locks use Windows interlocked functions
2024-08-22 10:32:48 0 [Note] InnoDB: Uses event mutexes
2024-08-22 10:32:48 0 [Note] InnoDB: Compressed tables use zlib 1.3
2024-08-22 10:32:48 0 [Note] InnoDB: Number of pools: 1
2024-08-22 10:32:48 0 [Note] InnoDB: Using SSE2 crc32 instructions
2024-08-22 10:32:48 0 [Note] InnoDB: Initializing buffer pool, total size = 16M, instances = 1, chunk size = 16M
2024-08-22 10:32:48 0 [Note] InnoDB: Completed initialization of buffer pool
2024-08-22 10:32:48 0 [Note] InnoDB: Starting crash recovery from checkpoint LSN=2216626
2024-08-22 10:32:48 0 [Note] InnoDB: 128 out of 128 rollback segments are active.
2024-08-22 10:32:48 0 [Note] InnoDB: Removed temporary tablespace data file: "ibtmp1"
2024-08-22 10:32:48 0 [Note] InnoDB: Creating shared tablespace for temporary tables
2024-08-22 10:32:48 0 [Note] InnoDB: Setting file 'C:\xampp\mysql\data\ibtmp1' size to 12 MB. Physically writing the file full; Please wait ...
2024-08-22 10:32:48 0 [Note] InnoDB: File 'C:\xampp\mysql\data\ibtmp1' size is now 12 MB.
2024-08-22 10:32:48 0 [Note] InnoDB: Waiting for purge to start
2024-08-22 10:32:48 0 [Note] InnoDB: 10.4.32 started; log sequence number 2216635; transaction id 3232
2024-08-22 10:32:48 0 [Note] InnoDB: Loading buffer pool(s) from C:\xampp\mysql\data\ib_buffer_pool
2024-08-22 10:32:48 0 [Note] Plugin 'FEEDBACK' is disabled.
2024-08-22 10:32:48 0 [Note] InnoDB: Buffer pool(s) load completed at 240822 10:32:48
2024-08-22 10:32:48 0 [Note] Server socket created on IP: '::'.
